<?xml version="1.0" encoding="utf-8"?><testsuites name="pytest tests"><testsuite name="pytest" errors="0" failures="0" skipped="0" tests="50" time="25.614" timestamp="2026-07-21T08:28:48.203443+03:30" hostname="linux-01"><testcase classname="tests.backend.services.code-graph-service.test_production_retrieval_challenge_live" name="test_chal_live_hybrid_adversarial[hyb0]" time="7.775" /><testcase classname="tests.backend.services.code-graph-service.test_production_retrieval_challenge_live" name="test_chal_live_hybrid_adversarial[hyb1]" time="0.204" /><testcase classname="tests.backend.services.code-graph-service.test_production_retrieval_challenge_live" name="test_chal_live_hybrid_adversarial[hyb2]" time="0.315" /><testcase classname="tests.backend.services.code-graph-service.test_production_retrieval_challenge_live" name="test_chal_live_hybrid_adversarial[hyb3]" time="0.449" /><testcase classname="tests.backend.services.code-graph-service.test_production_retrieval_challenge_live" name="test_chal_live_hybrid_adversarial[hyb4]" time="0.323" /><testcase classname="tests.backend.services.code-graph-service.test_production_retrieval_challenge_live" name="test_chal_live_hybrid_adversarial[hyb5]" time="0.243" /><testcase classname="tests.backend.services.code-graph-service.test_production_retrieval_challenge_live" name="test_chal_live_hybrid_adversarial[hyb6]" time="0.243" /><testcase classname="tests.backend.services.code-graph-service.test_production_retrieval_challenge_live" name="test_chal_live_hybrid_adversarial[hyb7]" time="0.252" /><testcase classname="tests.backend.services.code-graph-service.test_production_retrieval_challenge_live" name="test_chal_live_hybrid_adversarial[hyb8]" time="0.202" /><testcase classname="tests.backend.services.code-graph-service.test_production_retrieval_challenge_live" name="test_chal_live_hybrid_adversarial[hyb9]" time="0.231" /><testcase classname="tests.backend.services.code-graph-service.test_production_retrieval_challenge_live" name="test_chal_live_hybrid_adversarial[hyb10]" time="0.256" /><testcase classname="tests.backend.services.code-graph-service.test_production_retrieval_challenge_live" name="test_chal_live_hybrid_adversarial[hyb11]" time="0.298" /><testcase classname="tests.backend.services.code-graph-service.test_production_retrieval_challenge_live" name="test_chal_live_hybrid_adversarial[hyb12]" time="0.298" /><testcase classname="tests.backend.services.code-graph-service.test_production_retrieval_challenge_live" name="test_chal_live_hybrid_adversarial[hyb13]" time="0.168" /><testcase classname="tests.backend.services.code-graph-service.test_production_retrieval_challenge_live" name="test_chal_live_hybrid_adversarial[hyb14]" time="0.336" /><testcase classname="tests.backend.services.code-graph-service.test_production_retrieval_challenge_live" name="test_chal_live_hybrid_adversarial[hyb15]" time="0.305" /><testcase classname="tests.backend.services.code-graph-service.test_production_retrieval_challenge_live" name="test_chal_live_hybrid_adversarial[hyb16]" time="0.323" /><testcase classname="tests.backend.services.code-graph-service.test_production_retrieval_challenge_live" name="test_chal_live_hybrid_adversarial[hyb17]" time="0.312" /><testcase classname="tests.backend.services.code-graph-service.test_production_retrieval_challenge_live" name="test_chal_live_hybrid_adversarial[hyb18]" time="0.315" /><testcase classname="tests.backend.services.code-graph-service.test_production_retrieval_challenge_live" name="test_chal_live_hybrid_adversarial[hyb19]" time="0.298" /><testcase classname="tests.backend.services.code-graph-service.test_production_retrieval_challenge_live" name="test_chal_live_explore_adversarial[exp0]" time="0.545" /><testcase classname="tests.backend.services.code-graph-service.test_production_retrieval_challenge_live" name="test_chal_live_explore_adversarial[exp1]" time="0.550" /><testcase classname="tests.backend.services.code-graph-service.test_production_retrieval_challenge_live" name="test_chal_live_explore_adversarial[exp2]" time="0.448" /><testcase classname="tests.backend.services.code-graph-service.test_production_retrieval_challenge_live" name="test_chal_live_explore_adversarial[exp3]" time="0.452" /><testcase classname="tests.backend.services.code-graph-service.test_production_retrieval_challenge_live" name="test_chal_live_explore_adversarial[exp4]" time="0.510" /><testcase classname="tests.backend.services.code-graph-service.test_production_retrieval_challenge_live" name="test_chal_live_explore_adversarial[exp5]" time="0.432" /><testcase classname="tests.backend.services.code-graph-service.test_production_retrieval_challenge_live" name="test_chal_live_explore_adversarial[exp6]" time="0.413" /><testcase classname="tests.backend.services.code-graph-service.test_production_retrieval_challenge_live" name="test_chal_live_explore_adversarial[exp7]" time="0.503" /><testcase classname="tests.backend.services.code-graph-service.test_production_retrieval_challenge_live" name="test_chal_live_explore_adversarial[exp8]" time="0.528" /><testcase classname="tests.backend.services.code-graph-service.test_production_retrieval_challenge_live" name="test_chal_live_explore_adversarial[exp9]" time="0.397" /><testcase classname="tests.backend.services.code-graph-service.test_production_retrieval_challenge_live" name="test_chal_live_hybrid_top_k_clamp[topk1]" time="0.245" /><testcase classname="tests.backend.services.code-graph-service.test_production_retrieval_challenge_live" name="test_chal_live_hybrid_top_k_clamp[topk2]" time="0.271" /><testcase classname="tests.backend.services.code-graph-service.test_production_retrieval_challenge_live" name="test_chal_live_hybrid_top_k_clamp[topk7]" time="0.267" /><testcase classname="tests.backend.services.code-graph-service.test_production_retrieval_challenge_live" name="test_chal_live_hybrid_top_k_clamp[topk25]" time="0.316" /><testcase classname="tests.backend.services.code-graph-service.test_production_retrieval_challenge_live" name="test_chal_live_hybrid_top_k_clamp[topk50]" time="0.239" /><testcase classname="tests.backend.services.code-graph-service.test_production_retrieval_challenge_live" name="test_chal_live_path_and_neighbors_depth[dep1]" time="0.301" /><testcase classname="tests.backend.services.code-graph-service.test_production_retrieval_challenge_live" name="test_chal_live_path_and_neighbors_depth[dep2]" time="0.769" /><testcase classname="tests.backend.services.code-graph-service.test_production_retrieval_challenge_live" name="test_chal_live_path_and_neighbors_depth[dep4]" time="0.691" /><testcase classname="tests.backend.services.code-graph-service.test_production_retrieval_challenge_live" name="test_chal_live_path_and_neighbors_depth[dep8]" time="0.424" /><testcase classname="tests.backend.services.code-graph-service.test_production_retrieval_challenge_live" name="test_chal_live_rrf_auth_beats_ui_noise" time="0.329" /><testcase classname="tests.backend.services.code-graph-service.test_production_retrieval_challenge_live" name="test_chal_live_empty_and_whitespace_rejected" time="0.002" /><testcase classname="tests.backend.services.code-graph-service.test_production_retrieval_challenge_live" name="test_chal_live_architecture_two_clusters" time="0.760" /><testcase classname="tests.backend.services.code-graph-service.test_production_retrieval_challenge_live" name="test_chal_live_routes_or_tested_by_edges" time="0.319" /><testcase classname="tests.backend.services.code-graph-service.test_production_retrieval_challenge_live" name="test_chal_live_detect_changes_mixed_paths" time="0.264" /><testcase classname="tests.backend.services.code-graph-service.test_production_retrieval_challenge_live" name="test_chal_live_freshness_pending_banner" time="0.001" /><testcase classname="tests.backend.services.code-graph-service.test_production_retrieval_challenge_live" name="test_chal_live_gds_off_forces_cypher_degree" time="0.682" /><testcase classname="tests.backend.services.code-graph-service.test_production_retrieval_challenge_live" name="test_chal_live_postgres_fts_and_hybrid" time="0.490" /><testcase classname="tests.backend.services.code-graph-service.test_production_retrieval_challenge_live" name="test_chal_live_random_bm25_soup_still_modes" time="0.411" /><testcase classname="tests.backend.services.code-graph-service.test_production_retrieval_challenge_live" name="test_chal_live_degree_rank_method_when_gds_on" time="0.243" /><testcase classname="tests.backend.services.code-graph-service.test_production_retrieval_challenge_live" name="test_chal_live_write_results_artifact" time="0.471" /></testsuite></testsuites>