<?xml version="1.0" encoding="utf-8"?><testsuites name="pytest tests"><testsuite name="pytest" errors="0" failures="0" skipped="0" tests="50" time="5.237" timestamp="2026-07-21T08:25:30.548868+03:30" hostname="linux-01"><testcase classname="tests.backend.services.code-graph-service.test_production_retrieval_fuzzer" name="test_fuzz_tokenize_never_raises[tok0]" time="0.001" /><testcase classname="tests.backend.services.code-graph-service.test_production_retrieval_fuzzer" name="test_fuzz_tokenize_never_raises[tok1]" time="0.001" /><testcase classname="tests.backend.services.code-graph-service.test_production_retrieval_fuzzer" name="test_fuzz_tokenize_never_raises[tok2]" time="0.001" /><testcase classname="tests.backend.services.code-graph-service.test_production_retrieval_fuzzer" name="test_fuzz_tokenize_never_raises[tok3]" time="0.001" /><testcase classname="tests.backend.services.code-graph-service.test_production_retrieval_fuzzer" name="test_fuzz_tokenize_never_raises[tok4]" time="0.001" /><testcase classname="tests.backend.services.code-graph-service.test_production_retrieval_fuzzer" name="test_fuzz_tokenize_never_raises[tok5]" time="0.001" /><testcase classname="tests.backend.services.code-graph-service.test_production_retrieval_fuzzer" name="test_fuzz_tokenize_never_raises[tok6]" time="0.001" /><testcase classname="tests.backend.services.code-graph-service.test_production_retrieval_fuzzer" name="test_fuzz_tokenize_never_raises[tok7]" time="0.001" /><testcase classname="tests.backend.services.code-graph-service.test_production_retrieval_fuzzer" name="test_fuzz_tokenize_never_raises[tok8]" time="0.001" /><testcase classname="tests.backend.services.code-graph-service.test_production_retrieval_fuzzer" name="test_fuzz_tokenize_never_raises[tok9]" time="0.001" /><testcase classname="tests.backend.services.code-graph-service.test_production_retrieval_fuzzer" name="test_fuzz_tokenize_never_raises[tok10]" time="0.001" /><testcase classname="tests.backend.services.code-graph-service.test_production_retrieval_fuzzer" name="test_fuzz_tokenize_never_raises[tok11]" time="0.001" /><testcase classname="tests.backend.services.code-graph-service.test_production_retrieval_fuzzer" name="test_fuzz_lucene_query_safe[luc0]" time="0.001" /><testcase classname="tests.backend.services.code-graph-service.test_production_retrieval_fuzzer" name="test_fuzz_lucene_query_safe[luc1]" time="0.001" /><testcase classname="tests.backend.services.code-graph-service.test_production_retrieval_fuzzer" name="test_fuzz_lucene_query_safe[luc2]" time="0.001" /><testcase classname="tests.backend.services.code-graph-service.test_production_retrieval_fuzzer" name="test_fuzz_lucene_query_safe[luc3]" time="0.001" /><testcase classname="tests.backend.services.code-graph-service.test_production_retrieval_fuzzer" name="test_fuzz_lucene_query_safe[luc4]" time="0.001" /><testcase classname="tests.backend.services.code-graph-service.test_production_retrieval_fuzzer" name="test_fuzz_lucene_query_safe[luc5]" time="0.001" /><testcase classname="tests.backend.services.code-graph-service.test_production_retrieval_fuzzer" name="test_fuzz_lucene_query_safe[luc6]" time="0.001" /><testcase classname="tests.backend.services.code-graph-service.test_production_retrieval_fuzzer" name="test_fuzz_lucene_query_safe[luc7]" time="0.001" /><testcase classname="tests.backend.services.code-graph-service.test_production_retrieval_fuzzer" name="test_fuzz_bm25_rank_stable[bm0]" time="0.001" /><testcase classname="tests.backend.services.code-graph-service.test_production_retrieval_fuzzer" name="test_fuzz_bm25_rank_stable[bm1]" time="0.001" /><testcase classname="tests.backend.services.code-graph-service.test_production_retrieval_fuzzer" name="test_fuzz_bm25_rank_stable[bm2]" time="0.001" /><testcase classname="tests.backend.services.code-graph-service.test_production_retrieval_fuzzer" name="test_fuzz_bm25_rank_stable[bm3]" time="0.002" /><testcase classname="tests.backend.services.code-graph-service.test_production_retrieval_fuzzer" name="test_fuzz_rrf_merge_empty_and_dupes" time="0.001" /><testcase classname="tests.backend.services.code-graph-service.test_production_retrieval_fuzzer" name="test_fuzz_coalesce_rank_lists_filters_empty" time="0.001" /><testcase classname="tests.backend.services.code-graph-service.test_production_retrieval_fuzzer" name="test_fuzz_gds_concurrency_clamped_1_to_4[gds0]" time="0.001" /><testcase classname="tests.backend.services.code-graph-service.test_production_retrieval_fuzzer" name="test_fuzz_gds_concurrency_clamped_1_to_4[gds1]" time="0.001" /><testcase classname="tests.backend.services.code-graph-service.test_production_retrieval_fuzzer" name="test_fuzz_gds_concurrency_clamped_1_to_4[gds2]" time="0.001" /><testcase classname="tests.backend.services.code-graph-service.test_production_retrieval_fuzzer" name="test_fuzz_gds_concurrency_clamped_1_to_4[gds3]" time="0.001" /><testcase classname="tests.backend.services.code-graph-service.test_production_retrieval_fuzzer" name="test_fuzz_gds_concurrency_clamped_1_to_4[gds4]" time="0.001" /><testcase classname="tests.backend.services.code-graph-service.test_production_retrieval_fuzzer" name="test_fuzz_gds_concurrency_clamped_1_to_4[gds5]" time="0.001" /><testcase classname="tests.backend.services.code-graph-service.test_production_retrieval_fuzzer" name="test_fuzz_gds_concurrency_clamped_1_to_4[gds6]" time="0.001" /><testcase classname="tests.backend.services.code-graph-service.test_production_retrieval_fuzzer" name="test_fuzz_gds_concurrency_clamped_1_to_4[gds7]" time="0.001" /><testcase classname="tests.backend.services.code-graph-service.test_production_retrieval_fuzzer" name="test_fuzz_communities_deterministic[com0]" time="0.001" /><testcase classname="tests.backend.services.code-graph-service.test_production_retrieval_fuzzer" name="test_fuzz_communities_deterministic[com1]" time="0.001" /><testcase classname="tests.backend.services.code-graph-service.test_production_retrieval_fuzzer" name="test_fuzz_communities_deterministic[com2]" time="0.740" /><testcase classname="tests.backend.services.code-graph-service.test_production_retrieval_fuzzer" name="test_fuzz_communities_deterministic[com3]" time="0.030" /><testcase classname="tests.backend.services.code-graph-service.test_production_retrieval_fuzzer" name="test_fuzz_searchable_text_handles_huge_body" time="0.001" /><testcase classname="tests.backend.services.code-graph-service.test_production_retrieval_fuzzer" name="test_fuzz_live_hybrid_and_explore_survive[liveq0]" time="1.205" /><testcase classname="tests.backend.services.code-graph-service.test_production_retrieval_fuzzer" name="test_fuzz_live_hybrid_and_explore_survive[liveq1]" time="0.199" /><testcase classname="tests.backend.services.code-graph-service.test_production_retrieval_fuzzer" name="test_fuzz_live_hybrid_and_explore_survive[liveq2]" time="0.227" /><testcase classname="tests.backend.services.code-graph-service.test_production_retrieval_fuzzer" name="test_fuzz_live_hybrid_and_explore_survive[liveq3]" time="0.626" /><testcase classname="tests.backend.services.code-graph-service.test_production_retrieval_fuzzer" name="test_fuzz_live_hybrid_and_explore_survive[liveq4]" time="0.455" /><testcase classname="tests.backend.services.code-graph-service.test_production_retrieval_fuzzer" name="test_fuzz_live_hybrid_and_explore_survive[liveq5]" time="0.177" /><testcase classname="tests.backend.services.code-graph-service.test_production_retrieval_fuzzer" name="test_fuzz_live_empty_query_rejected" time="0.002" /><testcase classname="tests.backend.services.code-graph-service.test_production_retrieval_fuzzer" name="test_fuzz_live_architecture_and_path_random_pair" time="0.302" /><testcase classname="tests.backend.services.code-graph-service.test_production_retrieval_fuzzer" name="test_fuzz_live_postgres_fts_weird_query" time="0.382" /><testcase classname="tests.backend.services.code-graph-service.test_production_retrieval_fuzzer" name="test_fuzz_live_gds_off_degree_method" time="0.523" /><testcase classname="tests.backend.services.code-graph-service.test_production_retrieval_fuzzer" name="test_fuzz_live_random_corpus_bm25_then_hybrid" time="0.175" /></testsuite></testsuites>